#
# There is insufficient memory for the Java Runtime Environment to continue.
# Native memory allocation (mmap) failed to map 65536 bytes for Failed to commit metaspace.
# Possible reasons:
#   The system is out of physical RAM or swap space
#   The process is running with CompressedOops enabled, and the Java Heap may be blocking the growth of the native heap
# Possible solutions:
#   Reduce memory load on the system
#   Increase physical memory or swap space
#   Check if swap backing store is full
#   Decrease Java heap size (-Xmx/-Xms)
#   Decrease number of Java threads
#   Decrease Java thread stack sizes (-Xss)
#   Set larger code cache with -XX:ReservedCodeCacheSize=
#   JVM is running with Unscaled Compressed Oops mode in which the Java heap is
#     placed in the first 4GB address space. The Java Heap base address is the
#     maximum limit for the native heap growth. Please use -XX:HeapBaseMinAddress
#     to set the Java Heap base and to place the Java Heap above 4GB virtual address.
# This output file may be truncated or incomplete.
#
#  Out of Memory Error (virtualSpaceNode.cpp:108), pid=5700, tid=5372
#
# JRE version: OpenJDK Runtime Environment (16.0.2+7) (build 16.0.2+7-67)
# Java VM: OpenJDK 64-Bit Server VM (16.0.2+7-67, mixed mode, tiered, compressed oops, compressed class ptrs, g1 gc, windows-amd64)
# No core dump will be written. Minidumps are not enabled by default on client versions of Windows
#

---------------  S U M M A R Y ------------

Command Line: -Dfile.encoding=Cp1252 -XX:+ShowCodeDetailsInExceptionMessages coada1.Main

Host: Intel(R) Core(TM) i3-4005U CPU @ 1.70GHz, 4 cores, 3G,  Windows 10 , 64 bit Build 19041 (10.0.19041.1566)
Time: Thu Apr  7 14:44:50 2022 GTB Daylight Time elapsed time: 2.744552 seconds (0d 0h 0m 2s)

---------------  T H R E A D  ---------------

Current thread (0x00000129c9e6ef80):  JavaThread "main" [_thread_in_vm, id=5372, stack(0x0000001e9be00000,0x0000001e9bf00000)]

Stack: [0x0000001e9be00000,0x0000001e9bf00000]
Native frames: (J=compiled Java code, j=interpreted, Vv=VM code, C=native code)
V  [jvm.dll+0x6681ca]
V  [jvm.dll+0x7c9e69]
V  [jvm.dll+0x7cb61e]
V  [jvm.dll+0x7cbc73]
V  [jvm.dll+0x242c55]
V  [jvm.dll+0x7c64eb]
V  [jvm.dll+0x60ddd6]
V  [jvm.dll+0x60de3a]
V  [jvm.dll+0x61046a]
V  [jvm.dll+0x60e6d1]
V  [jvm.dll+0x618d97]
V  [jvm.dll+0x1e97ef]
V  [jvm.dll+0x1e9d25]
V  [jvm.dll+0x1ea8af]
V  [jvm.dll+0x1df631]
V  [jvm.dll+0x535ff8]
V  [jvm.dll+0x1f0d52]
V  [jvm.dll+0x741863]
V  [jvm.dll+0x743108]
V  [jvm.dll+0x743433]
V  [jvm.dll+0x23ab24]
V  [jvm.dll+0x375531]
C  0x00000129cebec20e

Java frames: (J=compiled Java code, j=interpreted, Vv=VM code)
j  javax.swing.RepaintManager.<clinit>()V+15 java.desktop@16.0.2
v  ~StubRoutines::call_stub
j  javax.swing.UIManager.initialize()V+20 java.desktop@16.0.2
j  javax.swing.UIManager.maybeInitialize()V+22 java.desktop@16.0.2
j  javax.swing.UIManager.getUI(Ljavax/swing/JComponent;)Ljavax/swing/plaf/ComponentUI;+0 java.desktop@16.0.2
j  javax.swing.JPanel.updateUI()V+2 java.desktop@16.0.2
j  javax.swing.JPanel.<init>(Ljava/awt/LayoutManager;Z)V+24 java.desktop@16.0.2
j  javax.swing.JPanel.<init>(Z)V+9 java.desktop@16.0.2
j  javax.swing.JPanel.<init>()V+2 java.desktop@16.0.2
j  coada1.GUI.<init>()V+1
j  coada1.Main.main([Ljava/lang/String;)V+7
v  ~StubRoutines::call_stub

---------------  P R O C E S S  ---------------

Threads class SMR info:
_java_thread_list=0x00000129e3bea190, length=15, elements={
0x00000129c9e6ef80, 0x00000129e2d0d010, 0x00000129e2d0e150, 0x00000129e2d405b0,
0x00000129e2d43fd0, 0x00000129e2d45910, 0x00000129e2d47d90, 0x00000129e2d5cd00,
0x00000129e3810110, 0x00000129e3830ec0, 0x00000129e3925590, 0x00000129e392cdd0,
0x00000129e3bed7a0, 0x00000129e3c12010, 0x00000129e3c12720
}

Java Threads: ( => current thread )
=>0x00000129c9e6ef80 JavaThread "main" [_thread_in_vm, id=5372, stack(0x0000001e9be00000,0x0000001e9bf00000)]
  0x00000129e2d0d010 JavaThread "Reference Handler" daemon [_thread_blocked, id=15872, stack(0x0000001e9c500000,0x0000001e9c600000)]
  0x00000129e2d0e150 JavaThread "Finalizer" daemon [_thread_blocked, id=19176, stack(0x0000001e9c600000,0x0000001e9c700000)]
  0x00000129e2d405b0 JavaThread "Signal Dispatcher" daemon [_thread_blocked, id=17040, stack(0x0000001e9c700000,0x0000001e9c800000)]
  0x00000129e2d43fd0 JavaThread "Attach Listener" daemon [_thread_blocked, id=16120, stack(0x0000001e9c800000,0x0000001e9c900000)]
  0x00000129e2d45910 JavaThread "Service Thread" daemon [_thread_blocked, id=4292, stack(0x0000001e9c900000,0x0000001e9ca00000)]
  0x00000129e2d47d90 JavaThread "Monitor Deflation Thread" daemon [_thread_blocked, id=9240, stack(0x0000001e9ca00000,0x0000001e9cb00000)]
  0x00000129e2d5cd00 JavaThread "C2 CompilerThread0" daemon [_thread_blocked, id=12912, stack(0x0000001e9cb00000,0x0000001e9cc00000)]
  0x00000129e3810110 JavaThread "C1 CompilerThread0" daemon [_thread_blocked, id=19128, stack(0x0000001e9cc00000,0x0000001e9cd00000)]
  0x00000129e3830ec0 JavaThread "Sweeper thread" daemon [_thread_blocked, id=11344, stack(0x0000001e9cd00000,0x0000001e9ce00000)]
  0x00000129e3925590 JavaThread "Notification Thread" daemon [_thread_blocked, id=11760, stack(0x0000001e9ce00000,0x0000001e9cf00000)]
  0x00000129e392cdd0 JavaThread "Common-Cleaner" daemon [_thread_blocked, id=18632, stack(0x0000001e9d000000,0x0000001e9d100000)]
  0x00000129e3bed7a0 JavaThread "Java2D Disposer" daemon [_thread_blocked, id=17996, stack(0x0000001e9d100000,0x0000001e9d200000)]
  0x00000129e3c12010 JavaThread "AWT-Shutdown" [_thread_blocked, id=8968, stack(0x0000001e9d200000,0x0000001e9d300000)]
  0x00000129e3c12720 JavaThread "AWT-Windows" daemon [_thread_in_native, id=19144, stack(0x0000001e9d300000,0x0000001e9d400000)]

Other Threads:
  0x00000129e2cf6500 VMThread "VM Thread" [stack: 0x0000001e9c400000,0x0000001e9c500000] [id=2080]
  0x00000129e3927ac0 WatcherThread [stack: 0x0000001e9cf00000,0x0000001e9d000000] [id=8240]
  0x00000129c9e9dd50 GCTaskThread "GC Thread#0" [stack: 0x0000001e9bf00000,0x0000001e9c000000] [id=11984]
  0x00000129c9ea6bd0 ConcurrentGCThread "G1 Main Marker" [stack: 0x0000001e9c000000,0x0000001e9c100000] [id=12320]
  0x00000129c9ea88e0 ConcurrentGCThread "G1 Conc#0" [stack: 0x0000001e9c100000,0x0000001e9c200000] [id=13672]
  0x00000129c9ef7ff0 ConcurrentGCThread "G1 Refine#0" [stack: 0x0000001e9c200000,0x0000001e9c300000] [id=10292]
  0x00000129c9ef9360 ConcurrentGCThread "G1 Service" [stack: 0x0000001e9c300000,0x0000001e9c400000] [id=15980]

Threads with active compile tasks:

VM state: not at safepoint (normal execution)

VM Mutex/Monitor currently owned by a thread:  ([mutex/lock_event])
[0x00000129c9e69fb0] MetaspaceExpand_lock - owner thread: 0x00000129c9e6ef80

Heap address: 0x00000000c1600000, size: 1002 MB, Compressed Oops mode: 32-bit

CDS disabled.
Compressed class space mapped at: 0x0000000100000000-0x0000000140000000, reserved size: 1073741824
Narrow klass base: 0x0000000000000000, Narrow klass shift: 3, Narrow klass range: 0x140000000

GC Precious Log:
 CPUs: 4 total, 4 available
 Memory: 4000M
 Large Page Support: Disabled
 NUMA Support: Disabled
 Compressed Oops: Enabled (32-bit)
 Heap Region Size: 1M
 Heap Min Capacity: 8M
 Heap Initial Capacity: 64M
 Heap Max Capacity: 1002M
 Pre-touch: Disabled
 Parallel Workers: 4
 Concurrent Workers: 1
 Concurrent Refinement Workers: 4
 Periodic GC: Disabled

Heap:
 garbage-first heap   total 65536K, used 3072K [0x00000000c1600000, 0x0000000100000000)
  region size 1024K, 4 young (4096K), 0 survivors (0K)
 Metaspace       used 9220K, committed 9408K, reserved 1064960K
  class space    used 855K, committed 960K, reserved 1048576K

Heap Regions: E=young(eden), S=young(survivor), O=old, HS=humongous(starts), HC=humongous(continues), CS=collection set, F=free, OA=open archive, CA=closed archive, TAMS=top-at-mark-start (previous, next)
|   0|0x00000000c1600000, 0x00000000c1600000, 0x00000000c1700000|  0%| F|  |TAMS 0x00000000c1600000, 0x00000000c1600000| Untracked 
|   1|0x00000000c1700000, 0x00000000c1700000, 0x00000000c1800000|  0%| F|  |TAMS 0x00000000c1700000, 0x00000000c1700000| Untracked 
|   2|0x00000000c1800000, 0x00000000c1800000, 0x00000000c1900000|  0%| F|  |TAMS 0x00000000c1800000, 0x00000000c1800000| Untracked 
|   3|0x00000000c1900000, 0x00000000c1900000, 0x00000000c1a00000|  0%| F|  |TAMS 0x00000000c1900000, 0x00000000c1900000| Untracked 
|   4|0x00000000c1a00000, 0x00000000c1a00000, 0x00000000c1b00000|  0%| F|  |TAMS 0x00000000c1a00000, 0x00000000c1a00000| Untracked 
|   5|0x00000000c1b00000, 0x00000000c1b00000, 0x00000000c1c00000|  0%| F|  |TAMS 0x00000000c1b00000, 0x00000000c1b00000| Untracked 
|   6|0x00000000c1c00000, 0x00000000c1c00000, 0x00000000c1d00000|  0%| F|  |TAMS 0x00000000c1c00000, 0x00000000c1c00000| Untracked 
|   7|0x00000000c1d00000, 0x00000000c1d00000, 0x00000000c1e00000|  0%| F|  |TAMS 0x00000000c1d00000, 0x00000000c1d00000| Untracked 
|   8|0x00000000c1e00000, 0x00000000c1e00000, 0x00000000c1f00000|  0%| F|  |TAMS 0x00000000c1e00000, 0x00000000c1e00000| Untracked 
|   9|0x00000000c1f00000, 0x00000000c1f00000, 0x00000000c2000000|  0%| F|  |TAMS 0x00000000c1f00000, 0x00000000c1f00000| Untracked 
|  10|0x00000000c2000000, 0x00000000c2000000, 0x00000000c2100000|  0%| F|  |TAMS 0x00000000c2000000, 0x00000000c2000000| Untracked 
|  11|0x00000000c2100000, 0x00000000c2100000, 0x00000000c2200000|  0%| F|  |TAMS 0x00000000c2100000, 0x00000000c2100000| Untracked 
|  12|0x00000000c2200000, 0x00000000c2200000, 0x00000000c2300000|  0%| F|  |TAMS 0x00000000c2200000, 0x00000000c2200000| Untracked 
|  13|0x00000000c2300000, 0x00000000c2300000, 0x00000000c2400000|  0%| F|  |TAMS 0x00000000c2300000, 0x00000000c2300000| Untracked 
|  14|0x00000000c2400000, 0x00000000c2400000, 0x00000000c2500000|  0%| F|  |TAMS 0x00000000c2400000, 0x00000000c2400000| Untracked 
|  15|0x00000000c2500000, 0x00000000c2500000, 0x00000000c2600000|  0%| F|  |TAMS 0x00000000c2500000, 0x00000000c2500000| Untracked 
|  16|0x00000000c2600000, 0x00000000c2600000, 0x00000000c2700000|  0%| F|  |TAMS 0x00000000c2600000, 0x00000000c2600000| Untracked 
|  17|0x00000000c2700000, 0x00000000c2700000, 0x00000000c2800000|  0%| F|  |TAMS 0x00000000c2700000, 0x00000000c2700000| Untracked 
|  18|0x00000000c2800000, 0x00000000c2800000, 0x00000000c2900000|  0%| F|  |TAMS 0x00000000c2800000, 0x00000000c2800000| Untracked 
|  19|0x00000000c2900000, 0x00000000c2900000, 0x00000000c2a00000|  0%| F|  |TAMS 0x00000000c2900000, 0x00000000c2900000| Untracked 
|  20|0x00000000c2a00000, 0x00000000c2a00000, 0x00000000c2b00000|  0%| F|  |TAMS 0x00000000c2a00000, 0x00000000c2a00000| Untracked 
|  21|0x00000000c2b00000, 0x00000000c2b00000, 0x00000000c2c00000|  0%| F|  |TAMS 0x00000000c2b00000, 0x00000000c2b00000| Untracked 
|  22|0x00000000c2c00000, 0x00000000c2c00000, 0x00000000c2d00000|  0%| F|  |TAMS 0x00000000c2c00000, 0x00000000c2c00000| Untracked 
|  23|0x00000000c2d00000, 0x00000000c2d00000, 0x00000000c2e00000|  0%| F|  |TAMS 0x00000000c2d00000, 0x00000000c2d00000| Untracked 
|  24|0x00000000c2e00000, 0x00000000c2e00000, 0x00000000c2f00000|  0%| F|  |TAMS 0x00000000c2e00000, 0x00000000c2e00000| Untracked 
|  25|0x00000000c2f00000, 0x00000000c2f00000, 0x00000000c3000000|  0%| F|  |TAMS 0x00000000c2f00000, 0x00000000c2f00000| Untracked 
|  26|0x00000000c3000000, 0x00000000c3000000, 0x00000000c3100000|  0%| F|  |TAMS 0x00000000c3000000, 0x00000000c3000000| Untracked 
|  27|0x00000000c3100000, 0x00000000c3100000, 0x00000000c3200000|  0%| F|  |TAMS 0x00000000c3100000, 0x00000000c3100000| Untracked 
|  28|0x00000000c3200000, 0x00000000c3200000, 0x00000000c3300000|  0%| F|  |TAMS 0x00000000c3200000, 0x00000000c3200000| Untracked 
|  29|0x00000000c3300000, 0x00000000c3300000, 0x00000000c3400000|  0%| F|  |TAMS 0x00000000c3300000, 0x00000000c3300000| Untracked 
|  30|0x00000000c3400000, 0x00000000c3400000, 0x00000000c3500000|  0%| F|  |TAMS 0x00000000c3400000, 0x00000000c3400000| Untracked 
|  31|0x00000000c3500000, 0x00000000c3500000, 0x00000000c3600000|  0%| F|  |TAMS 0x00000000c3500000, 0x00000000c3500000| Untracked 
|  32|0x00000000c3600000, 0x00000000c3600000, 0x00000000c3700000|  0%| F|  |TAMS 0x00000000c3600000, 0x00000000c3600000| Untracked 
|  33|0x00000000c3700000, 0x00000000c3700000, 0x00000000c3800000|  0%| F|  |TAMS 0x00000000c3700000, 0x00000000c3700000| Untracked 
|  34|0x00000000c3800000, 0x00000000c3800000, 0x00000000c3900000|  0%| F|  |TAMS 0x00000000c3800000, 0x00000000c3800000| Untracked 
|  35|0x00000000c3900000, 0x00000000c3900000, 0x00000000c3a00000|  0%| F|  |TAMS 0x00000000c3900000, 0x00000000c3900000| Untracked 
|  36|0x00000000c3a00000, 0x00000000c3a00000, 0x00000000c3b00000|  0%| F|  |TAMS 0x00000000c3a00000, 0x00000000c3a00000| Untracked 
|  37|0x00000000c3b00000, 0x00000000c3b00000, 0x00000000c3c00000|  0%| F|  |TAMS 0x00000000c3b00000, 0x00000000c3b00000| Untracked 
|  38|0x00000000c3c00000, 0x00000000c3c00000, 0x00000000c3d00000|  0%| F|  |TAMS 0x00000000c3c00000, 0x00000000c3c00000| Untracked 
|  39|0x00000000c3d00000, 0x00000000c3d00000, 0x00000000c3e00000|  0%| F|  |TAMS 0x00000000c3d00000, 0x00000000c3d00000| Untracked 
|  40|0x00000000c3e00000, 0x00000000c3e00000, 0x00000000c3f00000|  0%| F|  |TAMS 0x00000000c3e00000, 0x00000000c3e00000| Untracked 
|  41|0x00000000c3f00000, 0x00000000c3f00000, 0x00000000c4000000|  0%| F|  |TAMS 0x00000000c3f00000, 0x00000000c3f00000| Untracked 
|  42|0x00000000c4000000, 0x00000000c4000000, 0x00000000c4100000|  0%| F|  |TAMS 0x00000000c4000000, 0x00000000c4000000| Untracked 
|  43|0x00000000c4100000, 0x00000000c4100000, 0x00000000c4200000|  0%| F|  |TAMS 0x00000000c4100000, 0x00000000c4100000| Untracked 
|  44|0x00000000c4200000, 0x00000000c4200000, 0x00000000c4300000|  0%| F|  |TAMS 0x00000000c4200000, 0x00000000c4200000| Untracked 
|  45|0x00000000c4300000, 0x00000000c4300000, 0x00000000c4400000|  0%| F|  |TAMS 0x00000000c4300000, 0x00000000c4300000| Untracked 
|  46|0x00000000c4400000, 0x00000000c4400000, 0x00000000c4500000|  0%| F|  |TAMS 0x00000000c4400000, 0x00000000c4400000| Untracked 
|  47|0x00000000c4500000, 0x00000000c4500000, 0x00000000c4600000|  0%| F|  |TAMS 0x00000000c4500000, 0x00000000c4500000| Untracked 
|  48|0x00000000c4600000, 0x00000000c4600000, 0x00000000c4700000|  0%| F|  |TAMS 0x00000000c4600000, 0x00000000c4600000| Untracked 
|  49|0x00000000c4700000, 0x00000000c4700000, 0x00000000c4800000|  0%| F|  |TAMS 0x00000000c4700000, 0x00000000c4700000| Untracked 
|  50|0x00000000c4800000, 0x00000000c4800000, 0x00000000c4900000|  0%| F|  |TAMS 0x00000000c4800000, 0x00000000c4800000| Untracked 
|  51|0x00000000c4900000, 0x00000000c4900000, 0x00000000c4a00000|  0%| F|  |TAMS 0x00000000c4900000, 0x00000000c4900000| Untracked 
|  52|0x00000000c4a00000, 0x00000000c4a00000, 0x00000000c4b00000|  0%| F|  |TAMS 0x00000000c4a00000, 0x00000000c4a00000| Untracked 
|  53|0x00000000c4b00000, 0x00000000c4b00000, 0x00000000c4c00000|  0%| F|  |TAMS 0x00000000c4b00000, 0x00000000c4b00000| Untracked 
|  54|0x00000000c4c00000, 0x00000000c4c00000, 0x00000000c4d00000|  0%| F|  |TAMS 0x00000000c4c00000, 0x00000000c4c00000| Untracked 
|  55|0x00000000c4d00000, 0x00000000c4d00000, 0x00000000c4e00000|  0%| F|  |TAMS 0x00000000c4d00000, 0x00000000c4d00000| Untracked 
|  56|0x00000000c4e00000, 0x00000000c4e00000, 0x00000000c4f00000|  0%| F|  |TAMS 0x00000000c4e00000, 0x00000000c4e00000| Untracked 
|  57|0x00000000c4f00000, 0x00000000c4f00000, 0x00000000c5000000|  0%| F|  |TAMS 0x00000000c4f00000, 0x00000000c4f00000| Untracked 
|  58|0x00000000c5000000, 0x00000000c5000000, 0x00000000c5100000|  0%| F|  |TAMS 0x00000000c5000000, 0x00000000c5000000| Untracked 
|  59|0x00000000c5100000, 0x00000000c5100000, 0x00000000c5200000|  0%| F|  |TAMS 0x00000000c5100000, 0x00000000c5100000| Untracked 
|  60|0x00000000c5200000, 0x00000000c52c8d00, 0x00000000c5300000| 78%| E|  |TAMS 0x00000000c5200000, 0x00000000c5200000| Complete 
|  61|0x00000000c5300000, 0x00000000c5400000, 0x00000000c5400000|100%| E|CS|TAMS 0x00000000c5300000, 0x00000000c5300000| Complete 
|  62|0x00000000c5400000, 0x00000000c5500000, 0x00000000c5500000|100%| E|CS|TAMS 0x00000000c5400000, 0x00000000c5400000| Complete 
|  63|0x00000000c5500000, 0x00000000c5600000, 0x00000000c5600000|100%| E|CS|TAMS 0x00000000c5500000, 0x00000000c5500000| Complete 

Card table byte_map: [0x00000129de3f0000,0x00000129de5f0000] _byte_map_base: 0x00000129ddde5000

Marking Bits (Prev, Next): (CMBitMap*) 0x00000129c9e9e440, (CMBitMap*) 0x00000129c9e9e480
 Prev Bits: [0x00000129de7f0000, 0x00000129df798000)
 Next Bits: [0x00000129df7a0000, 0x00000129e0748000)

Polling page: 0x00000129c9c50000

Metaspace:

Usage:
  Non-class:      8.17 MB used.
      Class:    855.77 KB used.
       Both:      9.00 MB used.

Virtual space:
  Non-class space:       16.00 MB reserved,       8.25 MB ( 52%) committed,  2 nodes.
      Class space:        1.00 GB reserved,     960.00 KB ( <1%) committed,  1 nodes.
              Both:        1.02 GB reserved,       9.19 MB ( <1%) committed. 

Chunk freelists:
   Non-Class:  2.99 MB
       Class:  3.08 MB
        Both:  6.08 MB

MaxMetaspaceSize: 17179869184.00 GB
CompressedClassSpaceSize: 1.00 GB
 - commit_granule_bytes: 65536.
 - commit_granule_words: 8192.
 - virtual_space_node_default_size: 1048576.
 - enlarge_chunks_in_place: 1.
 - new_chunks_are_fully_committed: 0.
 - uncommit_free_chunks: 1.
 - use_allocation_guard: 0.
 - handle_deallocations: 1.


Internal statistics:

num_allocs_failed_limit: 0.
num_arena_births: 88.
num_arena_deaths: 0.
num_vsnodes_births: 3.
num_vsnodes_deaths: 0.
num_space_committed: 147.
num_space_uncommitted: 0.
num_chunks_returned_to_freelist: 0.
num_chunks_taken_from_freelist: 121.
num_chunk_merges: 0.
num_chunk_splits: 68.
num_chunks_enlarged: 35.
num_purges: 0.

CodeHeap 'non-profiled nmethods': size=120000Kb used=121Kb max_used=121Kb free=119878Kb
 bounds [0x00000129d66a0000, 0x00000129d6910000, 0x00000129ddbd0000]
CodeHeap 'profiled nmethods': size=120000Kb used=644Kb max_used=644Kb free=119355Kb
 bounds [0x00000129cf170000, 0x00000129cf3e0000, 0x00000129d66a0000]
CodeHeap 'non-nmethods': size=5760Kb used=1157Kb max_used=1170Kb free=4602Kb
 bounds [0x00000129cebd0000, 0x00000129cee40000, 0x00000129cf170000]
 total_blobs=874 nmethods=430 adapters=357
 compilation: enabled
              stopped_count=0, restarted_count=0
 full_count=0

Compilation events (20 events):
Event: 2.715 Thread 0x00000129e3810110  420       3       jdk.internal.org.objectweb.asm.MethodWriter::endCurrentBasicBlockWithNoSuccessor (94 bytes)
Event: 2.716 Thread 0x00000129e3810110 nmethod 420 0x00000129cf20df10 code [0x00000129cf20e100, 0x00000129cf20e768]
Event: 2.716 Thread 0x00000129e3810110  422       3       jdk.internal.org.objectweb.asm.AnnotationWriter::computeAnnotationsSize (66 bytes)
Event: 2.717 Thread 0x00000129e3810110 nmethod 422 0x00000129cf20e990 code [0x00000129cf20eb80, 0x00000129cf20eeb8]
Event: 2.717 Thread 0x00000129e3810110  423       3       jdk.internal.org.objectweb.asm.Attribute::putAttributes (78 bytes)
Event: 2.718 Thread 0x00000129e3810110 nmethod 423 0x00000129cf20f090 code [0x00000129cf20f2e0, 0x00000129cf20f818]
Event: 2.718 Thread 0x00000129e2d5cd00  425       4       java.lang.invoke.MemberName::getReferenceKind (12 bytes)
Event: 2.718 Thread 0x00000129e3810110  424       3       jdk.internal.ref.CleanerImpl::getCleanerImpl (13 bytes)
Event: 2.719 Thread 0x00000129e3810110 nmethod 424 0x00000129cf20fb10 code [0x00000129cf20fcc0, 0x00000129cf20ff68]
Event: 2.719 Thread 0x00000129e3810110  419       3       java.lang.invoke.MemberName::isMethod (8 bytes)
Event: 2.719 Thread 0x00000129e2d5cd00 nmethod 425 0x00000129d66bdb90 code [0x00000129d66bdd00, 0x00000129d66bdd78]
Event: 2.719 Thread 0x00000129e3810110 nmethod 419 0x00000129cf210090 code [0x00000129cf210240, 0x00000129cf210478]
Event: 2.719 Thread 0x00000129e3810110  426       3       java.lang.invoke.MethodHandleNatives::refKindHasReceiver (33 bytes)
Event: 2.720 Thread 0x00000129e3810110 nmethod 426 0x00000129cf210590 code [0x00000129cf210720, 0x00000129cf210878]
Event: 2.720 Thread 0x00000129e2d5cd00  428       4       java.lang.String::equals (50 bytes)
Event: 2.724 Thread 0x00000129e2d5cd00 nmethod 428 0x00000129d66be290 code [0x00000129d66be420, 0x00000129d66be5f8]
Event: 2.733 Thread 0x00000129e3810110  429       3       java.lang.invoke.MethodHandleNatives::findMethodHandleType (7 bytes)
Event: 2.733 Thread 0x00000129e3810110 nmethod 429 0x00000129cf210910 code [0x00000129cf210ac0, 0x00000129cf210be8]
Event: 2.734 Thread 0x00000129e3810110  430       3       java.lang.Class::cast (27 bytes)
Event: 2.735 Thread 0x00000129e3810110 nmethod 430 0x00000129cf210c90 code [0x00000129cf210e60, 0x00000129cf211118]

GC Heap History (0 events):
No events

Deoptimization events (0 events):
No events

Classes unloaded (0 events):
No events

Classes redefined (0 events):
No events

Internal exceptions (9 events):
Event: 1.882 Thread 0x00000129c9e6ef80 Exception <a 'java/lang/NoSuchMethodError'{0x00000000c541ac60}: 'void java.lang.invoke.DirectMethodHandle$Holder.invokeSpecial(java.lang.Object, java.lang.Object, java.lang.Object)'> (0x00000000c541ac60) 
thrown [t:\workspace\open\src\hotspot\share\interpreter\linkResolver.cpp, line 790]
Event: 2.012 Thread 0x00000129c9e6ef80 Exception <a 'java/lang/ClassNotFoundException'{0x00000000c543b678}: sun/awt/resources/spi/awtProvider> (0x00000000c543b678) 
thrown [t:\workspace\open\src\hotspot\share\classfile\systemDictionary.cpp, line 256]
Event: 2.250 Thread 0x00000129c9e6ef80 Exception <a 'java/io/FileNotFoundException'{0x00000000c5497a10}> (0x00000000c5497a10) 
thrown [t:\workspace\open\src\hotspot\share\prims\jni.cpp, line 579]
Event: 2.330 Thread 0x00000129c9e6ef80 Exception <a 'java/io/FileNotFoundException'{0x00000000c54c6308}> (0x00000000c54c6308) 
thrown [t:\workspace\open\src\hotspot\share\prims\jni.cpp, line 579]
Event: 2.332 Thread 0x00000129c9e6ef80 Exception <a 'java/lang/NoSuchMethodError'{0x00000000c54c7640}: 'java.lang.Object java.lang.invoke.DirectMethodHandle$Holder.invokeStatic(java.lang.Object)'> (0x00000000c54c7640) 
thrown [t:\workspace\open\src\hotspot\share\interpreter\linkResolver.cpp, line 790]
Event: 2.514 Thread 0x00000129c9e6ef80 Exception <a 'java/lang/NoSuchMethodError'{0x00000000c53351c0}: 'java.lang.Object java.lang.invoke.DirectMethodHandle$Holder.invokeStaticInit(java.lang.Object)'> (0x00000000c53351c0) 
thrown [t:\workspace\open\src\hotspot\share\interpreter\linkResolver.cpp, line 790]
Event: 2.627 Thread 0x00000129c9e6ef80 Exception <a 'java/lang/NoSuchMethodError'{0x00000000c53c97d0}: 'java.lang.Object java.lang.invoke.DirectMethodHandle$Holder.newInvokeSpecial(java.lang.Object, java.lang.Object, java.lang.Object, java.lang.Object, java.lang.Object)'> (0x00000000c53c97d0) 
thrown [t:\workspace\open\src\hotspot\share\interpreter\linkResolver.cpp, line 790]
Event: 2.631 Thread 0x00000129c9e6ef80 Exception <a 'java/lang/NoSuchMethodError'{0x00000000c53d52b8}: 'java.lang.Object java.lang.invoke.DirectMethodHandle$Holder.invokeStatic(java.lang.Object, int, java.lang.Object, java.lang.Object, java.lang.Object, java.lang.Object)'> (0x00000000c53d52b8) 
thrown [t:\workspace\open\src\hotspot\share\interpreter\linkResolver.cpp, line 790]
Event: 2.646 Thread 0x00000129c9e6ef80 Exception <a 'java/lang/NoSuchMethodError'{0x00000000c53fb380}: 'java.lang.Object java.lang.invoke.DirectMethodHandle$Holder.invokeStatic(java.lang.Object, int, java.lang.Object)'> (0x00000000c53fb380) 
thrown [t:\workspace\open\src\hotspot\share\interpreter\linkResolver.cpp, line 790]

Events (20 events):
Event: 2.732 loading class javax/swing/plaf/metal/MetalLookAndFeel$AATextListener done
Event: 2.732 loading class java/beans/PropertyChangeListenerProxy
Event: 2.732 loading class java/util/EventListenerProxy
Event: 2.733 loading class java/util/EventListenerProxy done
Event: 2.733 loading class java/beans/PropertyChangeListenerProxy done
Event: 2.734 loading class javax/swing/plaf/metal/OceanTheme$1
Event: 2.734 loading class javax/swing/plaf/metal/OceanTheme$1 done
Event: 2.734 loading class javax/swing/plaf/metal/OceanTheme$2
Event: 2.735 loading class javax/swing/plaf/metal/OceanTheme$2 done
Event: 2.735 loading class javax/swing/plaf/metal/OceanTheme$3
Event: 2.735 loading class javax/swing/plaf/metal/OceanTheme$3 done
Event: 2.735 loading class javax/swing/plaf/metal/OceanTheme$4
Event: 2.735 loading class javax/swing/plaf/metal/OceanTheme$4 done
Event: 2.735 loading class javax/swing/plaf/metal/OceanTheme$5
Event: 2.735 loading class javax/swing/plaf/metal/OceanTheme$5 done
Event: 2.735 loading class javax/swing/plaf/metal/OceanTheme$6
Event: 2.735 loading class javax/swing/plaf/metal/OceanTheme$6 done
Event: 2.736 loading class javax/swing/RepaintManager
Event: 2.737 loading class javax/swing/RepaintManager done
Event: 2.738 loading class javax/swing/RepaintManager$DisplayChangedHandler


Dynamic libraries:
0x00007ff72a1f0000 - 0x00007ff72a1fe000 	C:\Users\vasio\.p2\pool\plugins\org.eclipse.justj.openjdk.hotspot.jre.full.win32.x86_64_16.0.2.v20210721-1149\jre\bin\javaw.exe
0x00007ffdbd390000 - 0x00007ffdbd585000 	C:\WINDOWS\SYSTEM32\ntdll.dll
0x00007ffdb3700000 - 0x00007ffdb3716000 	C:\Program Files\AVG\Antivirus\aswhook.dll
0x00007ffdbd290000 - 0x00007ffdbd34e000 	C:\WINDOWS\System32\KERNEL32.DLL
0x00007ffdbac80000 - 0x00007ffdbaf48000 	C:\WINDOWS\System32\KERNELBASE.dll
0x00007ffdbab50000 - 0x00007ffdbac50000 	C:\WINDOWS\System32\ucrtbase.dll
0x00007ffdb1650000 - 0x00007ffdb1668000 	C:\Users\vasio\.p2\pool\plugins\org.eclipse.justj.openjdk.hotspot.jre.full.win32.x86_64_16.0.2.v20210721-1149\jre\bin\jli.dll
0x00007ffdbb3f0000 - 0x00007ffdbb590000 	C:\WINDOWS\System32\USER32.dll
0x00007ffdbb230000 - 0x00007ffdbb252000 	C:\WINDOWS\System32\win32u.dll
0x00007ffdbbf50000 - 0x00007ffdbbf7b000 	C:\WINDOWS\System32\GDI32.dll
0x00007ffdbaf50000 - 0x00007ffdbb05b000 	C:\WINDOWS\System32\gdi32full.dll
0x00007ffdbaab0000 - 0x00007ffdbab4d000 	C:\WINDOWS\System32\msvcp_win.dll
0x00007ffda9b10000 - 0x00007ffda9b29000 	C:\Users\vasio\.p2\pool\plugins\org.eclipse.justj.openjdk.hotspot.jre.full.win32.x86_64_16.0.2.v20210721-1149\jre\bin\VCRUNTIME140.dll
0x00007ffdab240000 - 0x00007ffdab4da000 	C:\WINDOWS\WinSxS\amd64_microsoft.windows.common-controls_6595b64144ccf1df_6.0.19041.1110_none_60b5254171f9507e\COMCTL32.dll
0x00007ffdbc0f0000 - 0x00007ffdbc18e000 	C:\WINDOWS\System32\msvcrt.dll
0x00007ffdbb720000 - 0x00007ffdbb750000 	C:\WINDOWS\System32\IMM32.DLL
0x00007ffdb1640000 - 0x00007ffdb164c000 	C:\Users\vasio\.p2\pool\plugins\org.eclipse.justj.openjdk.hotspot.jre.full.win32.x86_64_16.0.2.v20210721-1149\jre\bin\vcruntime140_1.dll
0x00007ffda3df0000 - 0x00007ffda3e81000 	C:\Users\vasio\.p2\pool\plugins\org.eclipse.justj.openjdk.hotspot.jre.full.win32.x86_64_16.0.2.v20210721-1149\jre\bin\msvcp140.dll
0x00007ffd5fbc0000 - 0x00007ffd6076b000 	C:\Users\vasio\.p2\pool\plugins\org.eclipse.justj.openjdk.hotspot.jre.full.win32.x86_64_16.0.2.v20210721-1149\jre\bin\server\jvm.dll
0x00007ffdbb7c0000 - 0x00007ffdbb86e000 	C:\WINDOWS\System32\ADVAPI32.dll
0x00007ffdbc380000 - 0x00007ffdbc41c000 	C:\WINDOWS\System32\sechost.dll
0x00007ffdbb590000 - 0x00007ffdbb6b5000 	C:\WINDOWS\System32\RPCRT4.dll
0x00007ffdbc9b0000 - 0x00007ffdbc9b8000 	C:\WINDOWS\System32\PSAPI.DLL
0x00007ffdb8a90000 - 0x00007ffdb8a99000 	C:\WINDOWS\SYSTEM32\WSOCK32.dll
0x00007ffdbb750000 - 0x00007ffdbb7bb000 	C:\WINDOWS\System32\WS2_32.dll
0x00007ffda8670000 - 0x00007ffda8697000 	C:\WINDOWS\SYSTEM32\WINMM.dll
0x00007ffdad750000 - 0x00007ffdad75a000 	C:\WINDOWS\SYSTEM32\VERSION.dll
0x00007ffdb9350000 - 0x00007ffdb9362000 	C:\WINDOWS\SYSTEM32\kernel.appcore.dll
0x00007ffdb6130000 - 0x00007ffdb613a000 	C:\Users\vasio\.p2\pool\plugins\org.eclipse.justj.openjdk.hotspot.jre.full.win32.x86_64_16.0.2.v20210721-1149\jre\bin\jimage.dll
0x00007ffdb8880000 - 0x00007ffdb8a64000 	C:\WINDOWS\SYSTEM32\DBGHELP.DLL
0x00007ffdac350000 - 0x00007ffdac37c000 	C:\WINDOWS\SYSTEM32\dbgcore.DLL
0x00007ffdbb260000 - 0x00007ffdbb2e2000 	C:\WINDOWS\System32\bcryptPrimitives.dll
0x00007ffda9fa0000 - 0x00007ffda9fc5000 	C:\Users\vasio\.p2\pool\plugins\org.eclipse.justj.openjdk.hotspot.jre.full.win32.x86_64_16.0.2.v20210721-1149\jre\bin\java.dll
0x00007ffdb42e0000 - 0x00007ffdb42f8000 	C:\Users\vasio\.p2\pool\plugins\org.eclipse.justj.openjdk.hotspot.jre.full.win32.x86_64_16.0.2.v20210721-1149\jre\bin\zip.dll
0x00007ffdbcb40000 - 0x00007ffdbd284000 	C:\WINDOWS\System32\SHELL32.dll
0x00007ffdb8aa0000 - 0x00007ffdb9234000 	C:\WINDOWS\SYSTEM32\windows.storage.dll
0x00007ffdbb920000 - 0x00007ffdbbc74000 	C:\WINDOWS\System32\combase.dll
0x00007ffdba510000 - 0x00007ffdba53c000 	C:\WINDOWS\SYSTEM32\Wldp.dll
0x00007ffdbc9c0000 - 0x00007ffdbca6d000 	C:\WINDOWS\System32\SHCORE.dll
0x00007ffdbb6c0000 - 0x00007ffdbb715000 	C:\WINDOWS\System32\shlwapi.dll
0x00007ffdba9f0000 - 0x00007ffdbaa0f000 	C:\WINDOWS\SYSTEM32\profapi.dll
0x00007ffda03e0000 - 0x00007ffda055f000 	C:\Users\vasio\.p2\pool\plugins\org.eclipse.justj.openjdk.hotspot.jre.full.win32.x86_64_16.0.2.v20210721-1149\jre\bin\awt.dll
0x00007ffdbca70000 - 0x00007ffdbcb3d000 	C:\WINDOWS\System32\OLEAUT32.dll
0x00007ffdb7f30000 - 0x00007ffdb7fc0000 	C:\WINDOWS\SYSTEM32\apphelp.dll
0x00007ffdb8100000 - 0x00007ffdb819e000 	C:\WINDOWS\system32\uxtheme.dll
0x00007ffdbc890000 - 0x00007ffdbc9a6000 	C:\WINDOWS\System32\MSCTF.dll
0x00007ffdbc1f0000 - 0x00007ffdbc31a000 	C:\WINDOWS\System32\ole32.dll

dbghelp: loaded successfully - version: 4.0.5 - missing functions: none
symbol engine: initialized successfully - sym options: 0x614 - pdb path: .;C:\Users\vasio\.p2\pool\plugins\org.eclipse.justj.openjdk.hotspot.jre.full.win32.x86_64_16.0.2.v20210721-1149\jre\bin;C:\WINDOWS\SYSTEM32;C:\Program Files\AVG\Antivirus;C:\WINDOWS\WinSxS\amd64_microsoft.windows.common-controls_6595b64144ccf1df_6.0.19041.1110_none_60b5254171f9507e;C:\Users\vasio\.p2\pool\plugins\org.eclipse.justj.openjdk.hotspot.jre.full.win32.x86_64_16.0.2.v20210721-1149\jre\bin\server

VM Arguments:
jvm_args: -Dfile.encoding=Cp1252 -XX:+ShowCodeDetailsInExceptionMessages 
java_command: coada1.Main
java_class_path (initial): B:\tehnici_programare\coada_simulator\target\classes
Launcher Type: SUN_STANDARD

[Global flags]
     intx CICompilerCount                          = 3                                         {product} {ergonomic}
     uint ConcGCThreads                            = 1                                         {product} {ergonomic}
     uint G1ConcRefinementThreads                  = 4                                         {product} {ergonomic}
   size_t G1HeapRegionSize                         = 1048576                                   {product} {ergonomic}
    uintx GCDrainStackTargetSize                   = 64                                        {product} {ergonomic}
   size_t InitialHeapSize                          = 67108864                                  {product} {ergonomic}
   size_t MarkStackSize                            = 4194304                                   {product} {ergonomic}
   size_t MaxHeapSize                              = 1050673152                                {product} {ergonomic}
   size_t MaxNewSize                               = 630194176                                 {product} {ergonomic}
   size_t MinHeapDeltaBytes                        = 1048576                                   {product} {ergonomic}
   size_t MinHeapSize                              = 8388608                                   {product} {ergonomic}
    uintx NonNMethodCodeHeapSize                   = 5832780                                {pd product} {ergonomic}
    uintx NonProfiledCodeHeapSize                  = 122912730                              {pd product} {ergonomic}
    uintx ProfiledCodeHeapSize                     = 122912730                              {pd product} {ergonomic}
    uintx ReservedCodeCacheSize                    = 251658240                              {pd product} {ergonomic}
     bool SegmentedCodeCache                       = true                                      {product} {ergonomic}
     bool ShowCodeDetailsInExceptionMessages       = true                                   {manageable} {command line}
   size_t SoftMaxHeapSize                          = 1050673152                             {manageable} {ergonomic}
     bool UseCompressedClassPointers               = true                           {product lp64_product} {ergonomic}
     bool UseCompressedOops                        = true                           {product lp64_product} {ergonomic}
     bool UseG1GC                                  = true                                      {product} {ergonomic}
     bool UseLargePagesIndividualAllocation        = false                                  {pd product} {ergonomic}

Logging:
Log output configuration:
 #0: stdout all=warning uptime,level,tags
 #1: stderr all=off uptime,level,tags

Environment Variables:
PATH=C:/Users/vasio/.p2/pool/plugins/org.eclipse.justj.openjdk.hotspot.jre.full.win32.x86_64_16.0.2.v20210721-1149/jre/bin/server;C:/Users/vasio/.p2/pool/plugins/org.eclipse.justj.openjdk.hotspot.jre.full.win32.x86_64_16.0.2.v20210721-1149/jre/bin;C:\Windows\system32;C:\Windows;C:\Windows\System32\Wbem;C:\Windows\System32\WindowsPowerShell\v1.0\;C:\Windows\System32\OpenSSH\;C:\Program Files (x86)\NVIDIA Corporation\PhysX\Common;C:\Program Files\NVIDIA Corporation\NVIDIA NvDLISR;C:\WINDOWS\system32;C:\WINDOWS;C:\WINDOWS\System32\Wbem;C:\WINDOWS\System32\WindowsPowerShell\v1.0\;C:\WINDOWS\System32\OpenSSH\;B:\git\Git\cmd;C:\PROGRA~2\Aldec\ACTIVE~1.3\BIN;C:\Users\vasio\.p2\pool\plugins\org.eclipse.justj.openjdk.hotspot.jre.full.win32.x86_64_16.0.2.v20210721-1149\jre\bin;C:\Users\vasio\AppData\Local\Microsoft\WindowsApps;C:\MinGW\bin;;C:\Users\vasio\Desktop;
USERNAME=vasio
OS=Windows_NT
PROCESSOR_IDENTIFIER=Intel64 Family 6 Model 69 Stepping 1, GenuineIntel



---------------  S Y S T E M  ---------------

OS:
 Windows 10 , 64 bit Build 19041 (10.0.19041.1566)
OS uptime: 0 days 21:12 hours

CPU: total 4 (initial active 4) (2 cores per cpu, 2 threads per core) family 6 model 69 stepping 1 microcode 0x25, cx8, cmov, fxsr, ht, mmx, sse, sse2, sse3, ssse3, sse4.1, sse4.2, popcnt, lzcnt, tsc, tscinvbit, avx, avx2, aes, erms, clmul, bmi1, bmi2, fma, vzeroupper, clflush

Memory: 4k page, system-wide physical 4000M (295M free)
TotalPageFile size 15666M (AvailPageFile size 3M)
current process WorkingSet (physical memory assigned to process): 44M, peak: 44M
current process commit charge ("private bytes"): 135M, peak: 135M

vm_info: OpenJDK 64-Bit Server VM (16.0.2+7-67) for windows-amd64 JRE (16.0.2+7-67), built on Jun  8 2021 23:21:43 by "mach5one" with MS VC++ 16.7 (VS2019)

END.
