#
# There is insufficient memory for the Java Runtime Environment to continue.
# Native memory allocation (mmap) failed to map 67108864 bytes for G1 virtual space
# Possible reasons:
#   The system is out of physical RAM or swap space
#   The process is running with CompressedOops enabled, and the Java Heap may be blocking the growth of the native heap
# Possible solutions:
#   Reduce memory load on the system
#   Increase physical memory or swap space
#   Check if swap backing store is full
#   Decrease Java heap size (-Xmx/-Xms)
#   Decrease number of Java threads
#   Decrease Java thread stack sizes (-Xss)
#   Set larger code cache with -XX:ReservedCodeCacheSize=
#   JVM is running with Unscaled Compressed Oops mode in which the Java heap is
#     placed in the first 4GB address space. The Java Heap base address is the
#     maximum limit for the native heap growth. Please use -XX:HeapBaseMinAddress
#     to set the Java Heap base and to place the Java Heap above 4GB virtual address.
# This output file may be truncated or incomplete.
#
#  Out of Memory Error (os_windows.cpp:3466), pid=18940, tid=18196
#
# JRE version:  (16.0.2+7) (build )
# Java VM: OpenJDK 64-Bit Server VM (16.0.2+7-67, mixed mode, sharing, tiered, compressed oops, compressed class ptrs, g1 gc, windows-amd64)
# No core dump will be written. Minidumps are not enabled by default on client versions of Windows
#

---------------  S U M M A R Y ------------

Command Line: -Dfile.encoding=Cp1252 -XX:+ShowCodeDetailsInExceptionMessages coada1.Main

Host: Intel(R) Core(TM) i3-4005U CPU @ 1.70GHz, 4 cores, 3G,  Windows 10 , 64 bit Build 19041 (10.0.19041.1566)
Time: Thu Apr  7 14:40:18 2022 GTB Daylight Time elapsed time: 0.302183 seconds (0d 0h 0m 0s)

---------------  T H R E A D  ---------------

Current thread (0x000001843624e6c0):  JavaThread "Unknown thread" [_thread_in_vm, id=18196, stack(0x000000252bc00000,0x000000252bd00000)]

Stack: [0x000000252bc00000,0x000000252bd00000]
Native frames: (J=compiled Java code, j=interpreted, Vv=VM code, C=native code)
V  [jvm.dll+0x6681ca]
V  [jvm.dll+0x7c9e69]
V  [jvm.dll+0x7cb61e]
V  [jvm.dll+0x7cbc73]
V  [jvm.dll+0x242c55]
V  [jvm.dll+0x664f89]
V  [jvm.dll+0x659b75]
V  [jvm.dll+0x2fbfbb]
V  [jvm.dll+0x3031b6]
V  [jvm.dll+0x35299e]
V  [jvm.dll+0x352bcf]
V  [jvm.dll+0x2d3028]
V  [jvm.dll+0x2d4264]
V  [jvm.dll+0x79c741]
V  [jvm.dll+0x360791]
V  [jvm.dll+0x77a3f0]
V  [jvm.dll+0x3e4e8f]
V  [jvm.dll+0x3e6961]
C  [jli.dll+0x52fb]
C  [ucrtbase.dll+0x21bb2]
C  [KERNEL32.DLL+0x17034]
C  [ntdll.dll+0x52651]


---------------  P R O C E S S  ---------------

Threads class SMR info:
_java_thread_list=0x00007ffd606ccbb8, length=0, elements={
}

Java Threads: ( => current thread )

Other Threads:
  0x000001843627d490 GCTaskThread "GC Thread#0" [stack: 0x000000252bd00000,0x000000252be00000] [id=9692]
  0x0000018436286310 ConcurrentGCThread "G1 Main Marker" [stack: 0x000000252be00000,0x000000252bf00000] [id=11060]
  0x0000018436288020 ConcurrentGCThread "G1 Conc#0" [stack: 0x000000252bf00000,0x000000252c000000] [id=15060]

[error occurred during error reporting (printing all threads), id 0xc0000005, EXCEPTION_ACCESS_VIOLATION (0xc0000005) at pc=0x00007ffd5fea3ee7]

VM state: not at safepoint (not fully initialized)

VM Mutex/Monitor currently owned by a thread:  ([mutex/lock_event])
[0x000001843624a120] Heap_lock - owner thread: 0x000001843624e6c0

Heap address: 0x00000000c1600000, size: 1002 MB, Compressed Oops mode: 32-bit

CDS archive(s) mapped at: [0x0000000000000000-0x0000000000000000-0x0000000000000000), size 0, SharedBaseAddress: 0x0000000800000000, ArchiveRelocationMode: 0.
Narrow klass base: 0x0000000000000000, Narrow klass shift: 0, Narrow klass range: 0x0

GC Precious Log:
<Empty>

Heap:
 garbage-first heap   total 0K, used 0K [0x00000000c1600000, 0x0000000100000000)
  region size 1024K, 0 young (0K), 0 survivors (0K)

[error occurred during error reporting (printing heap information), id 0xc0000005, EXCEPTION_ACCESS_VIOLATION (0xc0000005) at pc=0x00007ffd60281eed]

GC Heap History (0 events):
No events

Deoptimization events (0 events):
No events

Classes unloaded (0 events):
No events

Classes redefined (0 events):
No events

Internal exceptions (0 events):
No events

Events (1 events):
Event: 0.133 Loaded shared library C:\Users\vasio\.p2\pool\plugins\org.eclipse.justj.openjdk.hotspot.jre.full.win32.x86_64_16.0.2.v20210721-1149\jre\bin\java.dll


Dynamic libraries:
0x00007ff72a1f0000 - 0x00007ff72a1fe000 	C:\Users\vasio\.p2\pool\plugins\org.eclipse.justj.openjdk.hotspot.jre.full.win32.x86_64_16.0.2.v20210721-1149\jre\bin\javaw.exe
0x00007ffdbd390000 - 0x00007ffdbd585000 	C:\WINDOWS\SYSTEM32\ntdll.dll
0x00007ffdb3700000 - 0x00007ffdb3716000 	C:\Program Files\AVG\Antivirus\aswhook.dll
0x00007ffdbd290000 - 0x00007ffdbd34e000 	C:\WINDOWS\System32\KERNEL32.DLL
0x00007ffdbac80000 - 0x00007ffdbaf48000 	C:\WINDOWS\System32\KERNELBASE.dll
0x00007ffdbab50000 - 0x00007ffdbac50000 	C:\WINDOWS\System32\ucrtbase.dll
0x00007ffdb1650000 - 0x00007ffdb1668000 	C:\Users\vasio\.p2\pool\plugins\org.eclipse.justj.openjdk.hotspot.jre.full.win32.x86_64_16.0.2.v20210721-1149\jre\bin\jli.dll
0x00007ffdbb3f0000 - 0x00007ffdbb590000 	C:\WINDOWS\System32\USER32.dll
0x00007ffdbb230000 - 0x00007ffdbb252000 	C:\WINDOWS\System32\win32u.dll
0x00007ffdbbf50000 - 0x00007ffdbbf7b000 	C:\WINDOWS\System32\GDI32.dll
0x00007ffdbaf50000 - 0x00007ffdbb05b000 	C:\WINDOWS\System32\gdi32full.dll
0x00007ffdbaab0000 - 0x00007ffdbab4d000 	C:\WINDOWS\System32\msvcp_win.dll
0x00007ffda9b10000 - 0x00007ffda9b29000 	C:\Users\vasio\.p2\pool\plugins\org.eclipse.justj.openjdk.hotspot.jre.full.win32.x86_64_16.0.2.v20210721-1149\jre\bin\VCRUNTIME140.dll
0x00007ffdab240000 - 0x00007ffdab4da000 	C:\WINDOWS\WinSxS\amd64_microsoft.windows.common-controls_6595b64144ccf1df_6.0.19041.1110_none_60b5254171f9507e\COMCTL32.dll
0x00007ffdbc0f0000 - 0x00007ffdbc18e000 	C:\WINDOWS\System32\msvcrt.dll
0x00007ffdbb720000 - 0x00007ffdbb750000 	C:\WINDOWS\System32\IMM32.DLL
0x00007ffdb1640000 - 0x00007ffdb164c000 	C:\Users\vasio\.p2\pool\plugins\org.eclipse.justj.openjdk.hotspot.jre.full.win32.x86_64_16.0.2.v20210721-1149\jre\bin\vcruntime140_1.dll
0x00007ffda3df0000 - 0x00007ffda3e81000 	C:\Users\vasio\.p2\pool\plugins\org.eclipse.justj.openjdk.hotspot.jre.full.win32.x86_64_16.0.2.v20210721-1149\jre\bin\msvcp140.dll
0x00007ffd5fbc0000 - 0x00007ffd6076b000 	C:\Users\vasio\.p2\pool\plugins\org.eclipse.justj.openjdk.hotspot.jre.full.win32.x86_64_16.0.2.v20210721-1149\jre\bin\server\jvm.dll
0x00007ffdbb7c0000 - 0x00007ffdbb86e000 	C:\WINDOWS\System32\ADVAPI32.dll
0x00007ffdbc380000 - 0x00007ffdbc41c000 	C:\WINDOWS\System32\sechost.dll
0x00007ffdbb590000 - 0x00007ffdbb6b5000 	C:\WINDOWS\System32\RPCRT4.dll
0x00007ffdbc9b0000 - 0x00007ffdbc9b8000 	C:\WINDOWS\System32\PSAPI.DLL
0x00007ffdb8a90000 - 0x00007ffdb8a99000 	C:\WINDOWS\SYSTEM32\WSOCK32.dll
0x00007ffdbb750000 - 0x00007ffdbb7bb000 	C:\WINDOWS\System32\WS2_32.dll
0x00007ffdad750000 - 0x00007ffdad75a000 	C:\WINDOWS\SYSTEM32\VERSION.dll
0x00007ffda8670000 - 0x00007ffda8697000 	C:\WINDOWS\SYSTEM32\WINMM.dll
0x00007ffdb9350000 - 0x00007ffdb9362000 	C:\WINDOWS\SYSTEM32\kernel.appcore.dll
0x00007ffdb6130000 - 0x00007ffdb613a000 	C:\Users\vasio\.p2\pool\plugins\org.eclipse.justj.openjdk.hotspot.jre.full.win32.x86_64_16.0.2.v20210721-1149\jre\bin\jimage.dll
0x00007ffdb8880000 - 0x00007ffdb8a64000 	C:\WINDOWS\SYSTEM32\DBGHELP.DLL
0x00007ffdac350000 - 0x00007ffdac37c000 	C:\WINDOWS\SYSTEM32\dbgcore.DLL
0x00007ffdbb260000 - 0x00007ffdbb2e2000 	C:\WINDOWS\System32\bcryptPrimitives.dll
0x00007ffda9fa0000 - 0x00007ffda9fc5000 	C:\Users\vasio\.p2\pool\plugins\org.eclipse.justj.openjdk.hotspot.jre.full.win32.x86_64_16.0.2.v20210721-1149\jre\bin\java.dll

dbghelp: loaded successfully - version: 4.0.5 - missing functions: none
symbol engine: initialized successfully - sym options: 0x614 - pdb path: .;C:\Users\vasio\.p2\pool\plugins\org.eclipse.justj.openjdk.hotspot.jre.full.win32.x86_64_16.0.2.v20210721-1149\jre\bin;C:\WINDOWS\SYSTEM32;C:\Program Files\AVG\Antivirus;C:\WINDOWS\WinSxS\amd64_microsoft.windows.common-controls_6595b64144ccf1df_6.0.19041.1110_none_60b5254171f9507e;C:\Users\vasio\.p2\pool\plugins\org.eclipse.justj.openjdk.hotspot.jre.full.win32.x86_64_16.0.2.v20210721-1149\jre\bin\server

VM Arguments:
jvm_args: -Dfile.encoding=Cp1252 -XX:+ShowCodeDetailsInExceptionMessages 
java_command: coada1.Main
java_class_path (initial): B:\tehnici_programare\coada_simulator\target\classes
Launcher Type: SUN_STANDARD

[Global flags]
     intx CICompilerCount                          = 3                                         {product} {ergonomic}
     uint ConcGCThreads                            = 1                                         {product} {ergonomic}
     uint G1ConcRefinementThreads                  = 4                                         {product} {ergonomic}
   size_t G1HeapRegionSize                         = 1048576                                   {product} {ergonomic}
    uintx GCDrainStackTargetSize                   = 64                                        {product} {ergonomic}
   size_t InitialHeapSize                          = 67108864                                  {product} {ergonomic}
   size_t MarkStackSize                            = 4194304                                   {product} {ergonomic}
   size_t MaxHeapSize                              = 1050673152                                {product} {ergonomic}
   size_t MinHeapDeltaBytes                        = 1048576                                   {product} {ergonomic}
   size_t MinHeapSize                              = 8388608                                   {product} {ergonomic}
    uintx NonNMethodCodeHeapSize                   = 5832780                                {pd product} {ergonomic}
    uintx NonProfiledCodeHeapSize                  = 122912730                              {pd product} {ergonomic}
    uintx ProfiledCodeHeapSize                     = 122912730                              {pd product} {ergonomic}
    uintx ReservedCodeCacheSize                    = 251658240                              {pd product} {ergonomic}
     bool SegmentedCodeCache                       = true                                      {product} {ergonomic}
     bool ShowCodeDetailsInExceptionMessages       = true                                   {manageable} {command line}
   size_t SoftMaxHeapSize                          = 1050673152                             {manageable} {ergonomic}
     bool UseCompressedClassPointers               = true                           {product lp64_product} {ergonomic}
     bool UseCompressedOops                        = true                           {product lp64_product} {ergonomic}
     bool UseG1GC                                  = true                                      {product} {ergonomic}
     bool UseLargePagesIndividualAllocation        = false                                  {pd product} {ergonomic}

Logging:
Log output configuration:
 #0: stdout all=warning uptime,level,tags
 #1: stderr all=off uptime,level,tags

Environment Variables:
PATH=C:/Users/vasio/.p2/pool/plugins/org.eclipse.justj.openjdk.hotspot.jre.full.win32.x86_64_16.0.2.v20210721-1149/jre/bin/server;C:/Users/vasio/.p2/pool/plugins/org.eclipse.justj.openjdk.hotspot.jre.full.win32.x86_64_16.0.2.v20210721-1149/jre/bin;C:\Windows\system32;C:\Windows;C:\Windows\System32\Wbem;C:\Windows\System32\WindowsPowerShell\v1.0\;C:\Windows\System32\OpenSSH\;C:\Program Files (x86)\NVIDIA Corporation\PhysX\Common;C:\Program Files\NVIDIA Corporation\NVIDIA NvDLISR;C:\WINDOWS\system32;C:\WINDOWS;C:\WINDOWS\System32\Wbem;C:\WINDOWS\System32\WindowsPowerShell\v1.0\;C:\WINDOWS\System32\OpenSSH\;B:\git\Git\cmd;C:\PROGRA~2\Aldec\ACTIVE~1.3\BIN;C:\Users\vasio\.p2\pool\plugins\org.eclipse.justj.openjdk.hotspot.jre.full.win32.x86_64_16.0.2.v20210721-1149\jre\bin;C:\Users\vasio\AppData\Local\Microsoft\WindowsApps;C:\MinGW\bin;;C:\Users\vasio\Desktop;
USERNAME=vasio
OS=Windows_NT
PROCESSOR_IDENTIFIER=Intel64 Family 6 Model 69 Stepping 1, GenuineIntel



---------------  S Y S T E M  ---------------

OS:
 Windows 10 , 64 bit Build 19041 (10.0.19041.1566)
OS uptime: 0 days 21:07 hours

CPU: total 4 (initial active 4) (2 cores per cpu, 2 threads per core) family 6 model 69 stepping 1 microcode 0x25, cx8, cmov, fxsr, ht, mmx, sse, sse2, sse3, ssse3, sse4.1, sse4.2, popcnt, lzcnt, tsc, tscinvbit, avx, avx2, aes, erms, clmul, bmi1, bmi2, fma, vzeroupper, clflush

Memory: 4k page, system-wide physical 4000M (164M free)
TotalPageFile size 15666M (AvailPageFile size 86M)
current process WorkingSet (physical memory assigned to process): 10M, peak: 10M
current process commit charge ("private bytes"): 51M, peak: 115M

vm_info: OpenJDK 64-Bit Server VM (16.0.2+7-67) for windows-amd64 JRE (16.0.2+7-67), built on Jun  8 2021 23:21:43 by "mach5one" with MS VC++ 16.7 (VS2019)

END.
